<?xml version="1.0" encoding="UTF-8"?>
<!DOCTYPE suite SYSTEM "http://testng.org/testng-1.0.dtd">

<suite name="Smoke test Suite">

    <test verbose="2" name="test SUITE - SMOKE">
        <classes>
            <class name="test.PurgeTest"/>
            <class name="test.SearchTest"/>
            <class name="test.AddToCartTest"/>
        </classes>
    </test>
</suite>